<?xml version="1.0" encoding="utf-8"?><testsuites name="pytest tests"><testsuite name="pytest" errors="0" failures="0" skipped="0" tests="12" time="16.664" timestamp="2026-07-16T04:09:39.173345+00:00" hostname="agent-env-661e37c5-8f7e-4228-b05e-f70d1136169c"><testcase classname="tests.backend_test.TestProducts" name="test_list" time="0.835" /><testcase classname="tests.backend_test.TestAuth" name="test_login_success" time="0.821" /><testcase classname="tests.backend_test.TestAuth" name="test_login_bad_password" time="0.360" /><testcase classname="tests.backend_test.TestProducts" name="test_create_and_persist" time="0.345" /><testcase classname="tests.backend_test.TestProducts" name="test_adjust_inventory" time="0.148" /><testcase classname="tests.backend_test.TestAuth" name="test_me_requires_auth" time="0.180" /><testcase classname="tests.backend_test.TestInvoices" name="test_list" time="0.045" /><testcase classname="tests.backend_test.TestCustomers" name="test_list" time="0.058" /><testcase classname="tests.backend_test.TestInvoices" name="test_create_invoice_deducts_stock" time="0.223" /><testcase classname="tests.backend_test.TestCustomers" name="test_detail_analytics" time="0.108" /><testcase classname="tests.backend_test.TestAI" name="test_customer_insights" time="14.617" /><testcase classname="tests.backend_test.TestDashboard" name="test_stats" time="0.047" /></testsuite></testsuites>