<?xml version="1.0" encoding="utf-8"?><testsuites name="pytest tests"><testsuite name="pytest" errors="0" failures="0" skipped="0" tests="17" time="21.115" timestamp="2026-07-16T10:05:00.639803+00:00" hostname="agent-env-661e37c5-8f7e-4228-b05e-f70d1136169c"><testcase classname="tests.backend_test.TestProducts" name="test_list" time="0.715" /><testcase classname="tests.backend_test.TestAuth" name="test_login_success" time="0.759" /><testcase classname="tests.backend_test.TestProducts" name="test_create_and_persist" time="0.379" /><testcase classname="tests.backend_test.TestAuth" name="test_login_bad_password" time="0.343" /><testcase classname="tests.backend_test.TestProducts" name="test_adjust_inventory" time="0.164" /><testcase classname="tests.backend_test.TestAuth" name="test_me_requires_auth" time="0.163" /><testcase classname="tests.backend_test.TestCashSales" name="test_cash_sale_new_buyer_deducts_stock_no_tax" time="0.258" /><testcase classname="tests.backend_test.TestCustomers" name="test_list" time="0.044" /><testcase classname="tests.backend_test.TestCustomers" name="test_detail_analytics" time="0.088" /><testcase classname="tests.backend_test.TestInvoices" name="test_list" time="0.046" /><testcase classname="tests.backend_test.TestInvoices" name="test_create_invoice_deducts_stock" time="0.223" /><testcase classname="tests.backend_test.TestCashSales" name="test_cash_sale_existing_customer" time="0.249" /><testcase classname="tests.backend_test.TestZoho" name="test_status_not_configured" time="0.055" /><testcase classname="tests.backend_test.TestZoho" name="test_sync_returns_400_when_not_configured" time="0.044" /><testcase classname="tests.backend_test.TestCashSales" name="test_cash_sale_no_customer_returns_400" time="0.141" /><testcase classname="tests.backend_test.TestAI" name="test_customer_insights" time="18.803" /><testcase classname="tests.backend_test.TestDashboard" name="test_stats" time="2.561" /></testsuite></testsuites>